<?xml version="1.0" encoding="UTF-8"?>
<testng-results skipped="0" failed="0" ignored="0" total="1" passed="1">
  <reporter-output>
  </reporter-output>
  <suite name="Default suite" duration-ms="27278" started-at="2020-04-20T14:23:23 EDT" finished-at="2020-04-20T14:23:51 EDT">
    <groups>
    </groups>
    <test name="Default test" duration-ms="27278" started-at="2020-04-20T14:23:23 EDT" finished-at="2020-04-20T14:23:51 EDT">
      <class name="testCases.LoginApplication">
        <test-method status="PASS" signature="Login()[pri:0, instance:testCases.LoginApplication@7fac631b]" name="Login" duration-ms="27188" started-at="2020-04-20T14:23:23 EDT" finished-at="2020-04-20T14:23:51 EDT">
          <reporter-output>
          </reporter-output>
        </test-method> <!-- Login -->
      </class> <!-- testCases.LoginApplication -->
    </test> <!-- Default test -->
  </suite> <!-- Default suite -->
</testng-results>
